<?xml version="1.0" encoding="UTF-8"?>
<!-- Generated by org.testng.reporters.JUnitXMLReporter -->
<testsuite ignored="11" hostname="LAPTOP-CPTC2M6Q" failures="1" tests="16" name="user registration" time="17.483" errors="0" timestamp="2022-11-16T07:05:21 IST">
  <testcase classname="test.com.testR5" name="loginTest" time="0.018"/>
  <testcase classname="test.com.testR5" name="logOut" time="0.002"/>
  <testcase classname="test.com.testR5" name="addTOCart1" time="0.001"/>
  <testcase classname="test.com.testR5" name="addTOCart2" time="0.002"/>
  <testcase classname="test.com.testR5" name="addTOCart3" time="0.008"/>
  <testcase classname="test.com.testR3" name="loginTest" time="0.067"/>
  <testcase classname="test.com.testR3" name="validatePageHeader" time="0.217"/>
  <testcase classname="test.com.testR4" name="loginTest" time="5.567">
    <failure type="java.lang.AssertionError" message="The following asserts failed:
	Title verification failed expected [WebDriver | Contac Us] but found [WebDriver | Contact Us]">
      <![CDATA[java.lang.AssertionError: The following asserts failed:
Title verification failed expected [WebDriver | Contac Us] but found [WebDriver | Contact Us]
at test.com.testR4.loginTest(testR4.java:48)
at java.base/java.util.ArrayList.forEach(ArrayList.java:1511)
... Removed 27 stack frames]]>
    </failure>
  </testcase> <!-- loginTest -->
  <testcase classname="test.com.testR2" name="loginTest" time="0.002"/>
  <testcase classname="test.com.testR2" name="addTOCart" time="0.002"/>
  <testcase classname="test.com.testR2" name="logOut" time="0.002"/>
  <testcase classname="test.com.testR" name="loginTest" time="0.005"/>
  <testcase classname="test.com.testR" name="logOut" time="0.014"/>
  <testcase classname="test.com.testR" name="addTOCart" time="0.002"/>
  <testcase classname="test.com.testR6" name="skipTest2" time="0.003">
    <skipped/>
  </testcase> <!-- skipTest2 -->
  <testcase classname="test.com.testR6" name="skipTest3" time="0.003">
    <skipped/>
  </testcase> <!-- skipTest3 -->
  <testcase classname="commom.com.BeforeMethods" name="@AfterTest afterTest" time="0.0">
    <ignored/>
  </testcase> <!-- @AfterTest afterTest -->
  <testcase classname="commom.com.BeforeMethods" name="@AfterTest afterTest" time="0.0">
    <ignored/>
  </testcase> <!-- @AfterTest afterTest -->
  <testcase classname="commom.com.BeforeMethods" name="@AfterTest afterTest" time="0.0">
    <ignored/>
  </testcase> <!-- @AfterTest afterTest -->
  <testcase classname="commom.com.BeforeMethods" name="@AfterTest afterTest" time="0.0">
    <ignored/>
  </testcase> <!-- @AfterTest afterTest -->
  <testcase classname="commom.com.BeforeMethods" name="@AfterTest afterTest" time="0.0">
    <ignored/>
  </testcase> <!-- @AfterTest afterTest -->
  <testcase classname="commom.com.BeforeMethods" name="@BeforeTest beforeTest" time="0.0">
    <ignored/>
  </testcase> <!-- @BeforeTest beforeTest -->
  <testcase classname="commom.com.BeforeMethods" name="@BeforeTest beforeTest" time="0.0">
    <ignored/>
  </testcase> <!-- @BeforeTest beforeTest -->
  <testcase classname="commom.com.BeforeMethods" name="@BeforeTest beforeTest" time="0.0">
    <ignored/>
  </testcase> <!-- @BeforeTest beforeTest -->
  <testcase classname="commom.com.BeforeMethods" name="@BeforeTest beforeTest" time="0.0">
    <ignored/>
  </testcase> <!-- @BeforeTest beforeTest -->
  <testcase classname="commom.com.BeforeMethods" name="@BeforeTest beforeTest" time="0.0">
    <ignored/>
  </testcase> <!-- @BeforeTest beforeTest -->
  <testcase classname="test.com.testR6" name="skipTest1" time="0.0">
    <ignored/>
  </testcase> <!-- skipTest1 -->
</testsuite> <!-- user registration -->
